[debug] [2025-03-21T14:42:37.991Z] ----------------------------------------------------------------------
[debug] [2025-03-21T14:42:37.994Z] Command:       C:\Program Files\nodejs\node.exe C:\Users\lucas\AppData\Roaming\npm\node_modules\firebase-tools\lib\bin\firebase.js deploy --only functions
[debug] [2025-03-21T14:42:37.994Z] CLI Version:   13.30.0
[debug] [2025-03-21T14:42:37.994Z] Platform:      win32
[debug] [2025-03-21T14:42:37.994Z] Node Version:  v20.18.0
[debug] [2025-03-21T14:42:37.994Z] Time:          Fri Mar 21 2025 11:42:37 GMT-0300 (Horário Padrão de Brasília)
[debug] [2025-03-21T14:42:37.995Z] ----------------------------------------------------------------------
[debug] 
[debug] [2025-03-21T14:42:38.196Z] > command requires scopes: ["email","openid","https://www.googleapis.com/auth/cloudplatformprojects.readonly","https://www.googleapis.com/auth/firebase","https://www.googleapis.com/auth/cloud-platform"]
[debug] [2025-03-21T14:42:38.196Z] > authorizing via signed-in user (lucasalvesprogrammer@gmail.com)
[debug] [2025-03-21T14:42:38.196Z] [iam] checking project fooddeliveryapp-47907 for permissions ["cloudfunctions.functions.create","cloudfunctions.functions.delete","cloudfunctions.functions.get","cloudfunctions.functions.list","cloudfunctions.functions.update","cloudfunctions.operations.get","firebase.projects.get"]
[debug] [2025-03-21T14:42:38.197Z] Checked if tokens are valid: true, expires at: 1742571438606
[debug] [2025-03-21T14:42:38.197Z] Checked if tokens are valid: true, expires at: 1742571438606
[debug] [2025-03-21T14:42:38.198Z] >>> [apiv2][query] POST https://cloudresourcemanager.googleapis.com/v1/projects/fooddeliveryapp-47907:testIamPermissions [none]
[debug] [2025-03-21T14:42:38.199Z] >>> [apiv2][(partial)header] POST https://cloudresourcemanager.googleapis.com/v1/projects/fooddeliveryapp-47907:testIamPermissions x-goog-quota-user=projects/fooddeliveryapp-47907
[debug] [2025-03-21T14:42:38.199Z] >>> [apiv2][body] POST https://cloudresourcemanager.googleapis.com/v1/projects/fooddeliveryapp-47907:testIamPermissions {"permissions":["cloudfunctions.functions.create","cloudfunctions.functions.delete","cloudfunctions.functions.get","cloudfunctions.functions.list","cloudfunctions.functions.update","cloudfunctions.operations.get","firebase.projects.get"]}
[debug] [2025-03-21T14:42:39.241Z] <<< [apiv2][status] POST https://cloudresourcemanager.googleapis.com/v1/projects/fooddeliveryapp-47907:testIamPermissions 200
[debug] [2025-03-21T14:42:39.241Z] <<< [apiv2][body] POST https://cloudresourcemanager.googleapis.com/v1/projects/fooddeliveryapp-47907:testIamPermissions {"permissions":["cloudfunctions.functions.create","cloudfunctions.functions.delete","cloudfunctions.functions.get","cloudfunctions.functions.list","cloudfunctions.functions.update","cloudfunctions.operations.get","firebase.projects.get"]}
[debug] [2025-03-21T14:42:39.241Z] Checked if tokens are valid: true, expires at: 1742571438606
[debug] [2025-03-21T14:42:39.241Z] Checked if tokens are valid: true, expires at: 1742571438606
[debug] [2025-03-21T14:42:39.242Z] >>> [apiv2][query] POST https://iam.googleapis.com/v1/projects/fooddeliveryapp-47907/serviceAccounts/fooddeliveryapp-47907@appspot.gserviceaccount.com:testIamPermissions [none]
[debug] [2025-03-21T14:42:39.242Z] >>> [apiv2][body] POST https://iam.googleapis.com/v1/projects/fooddeliveryapp-47907/serviceAccounts/fooddeliveryapp-47907@appspot.gserviceaccount.com:testIamPermissions {"permissions":["iam.serviceAccounts.actAs"]}
[debug] [2025-03-21T14:42:40.510Z] <<< [apiv2][status] POST https://iam.googleapis.com/v1/projects/fooddeliveryapp-47907/serviceAccounts/fooddeliveryapp-47907@appspot.gserviceaccount.com:testIamPermissions 200
[debug] [2025-03-21T14:42:40.510Z] <<< [apiv2][body] POST https://iam.googleapis.com/v1/projects/fooddeliveryapp-47907/serviceAccounts/fooddeliveryapp-47907@appspot.gserviceaccount.com:testIamPermissions {"permissions":["iam.serviceAccounts.actAs"]}
[info] 
[info] === Deploying to 'fooddeliveryapp-47907'...
[info] 
[info] i  deploying functions 
[info] Running command: npm --prefix "$RESOURCE_DIR" run build
[info] +  functions: Finished running predeploy script. 
[debug] [2025-03-21T14:42:45.937Z] Checked if tokens are valid: true, expires at: 1742571438606
[debug] [2025-03-21T14:42:45.937Z] Checked if tokens are valid: true, expires at: 1742571438606
[debug] [2025-03-21T14:42:45.937Z] >>> [apiv2][query] GET https://cloudresourcemanager.googleapis.com/v1/projects/fooddeliveryapp-47907 [none]
[debug] [2025-03-21T14:42:46.850Z] <<< [apiv2][status] GET https://cloudresourcemanager.googleapis.com/v1/projects/fooddeliveryapp-47907 200
[debug] [2025-03-21T14:42:46.850Z] <<< [apiv2][body] GET https://cloudresourcemanager.googleapis.com/v1/projects/fooddeliveryapp-47907 {"projectNumber":"362935719807","projectId":"fooddeliveryapp-47907","lifecycleState":"ACTIVE","name":"foodDeliveryApp","labels":{"firebase":"enabled","firebase-core":"disabled"},"createTime":"2025-02-10T17:59:35.228709Z"}
[info] i  functions: preparing codebase default for deployment 
[info] i  functions: ensuring required API cloudfunctions.googleapis.com is enabled... 
[debug] [2025-03-21T14:42:46.851Z] Checked if tokens are valid: true, expires at: 1742571438606
[debug] [2025-03-21T14:42:46.851Z] Checked if tokens are valid: true, expires at: 1742571438606
[debug] [2025-03-21T14:42:46.852Z] Checked if tokens are valid: true, expires at: 1742571438606
[debug] [2025-03-21T14:42:46.852Z] Checked if tokens are valid: true, expires at: 1742571438606
[info] i  functions: ensuring required API cloudbuild.googleapis.com is enabled... 
[debug] [2025-03-21T14:42:46.852Z] Checked if tokens are valid: true, expires at: 1742571438606
[debug] [2025-03-21T14:42:46.852Z] Checked if tokens are valid: true, expires at: 1742571438606
[info] i  artifactregistry: ensuring required API artifactregistry.googleapis.com is enabled... 
[debug] [2025-03-21T14:42:46.853Z] Checked if tokens are valid: true, expires at: 1742571438606
[debug] [2025-03-21T14:42:46.853Z] Checked if tokens are valid: true, expires at: 1742571438606
[debug] [2025-03-21T14:42:46.853Z] >>> [apiv2][query] GET https://serviceusage.googleapis.com/v1/projects/fooddeliveryapp-47907/services/cloudfunctions.googleapis.com [none]
[debug] [2025-03-21T14:42:46.853Z] >>> [apiv2][(partial)header] GET https://serviceusage.googleapis.com/v1/projects/fooddeliveryapp-47907/services/cloudfunctions.googleapis.com x-goog-quota-user=projects/fooddeliveryapp-47907
[debug] [2025-03-21T14:42:46.854Z] >>> [apiv2][query] GET https://serviceusage.googleapis.com/v1/projects/fooddeliveryapp-47907/services/runtimeconfig.googleapis.com [none]
[debug] [2025-03-21T14:42:46.854Z] >>> [apiv2][(partial)header] GET https://serviceusage.googleapis.com/v1/projects/fooddeliveryapp-47907/services/runtimeconfig.googleapis.com x-goog-quota-user=projects/fooddeliveryapp-47907
[debug] [2025-03-21T14:42:46.855Z] >>> [apiv2][query] GET https://serviceusage.googleapis.com/v1/projects/fooddeliveryapp-47907/services/cloudbuild.googleapis.com [none]
[debug] [2025-03-21T14:42:46.855Z] >>> [apiv2][(partial)header] GET https://serviceusage.googleapis.com/v1/projects/fooddeliveryapp-47907/services/cloudbuild.googleapis.com x-goog-quota-user=projects/fooddeliveryapp-47907
[debug] [2025-03-21T14:42:46.856Z] >>> [apiv2][query] GET https://serviceusage.googleapis.com/v1/projects/fooddeliveryapp-47907/services/artifactregistry.googleapis.com [none]
[debug] [2025-03-21T14:42:46.856Z] >>> [apiv2][(partial)header] GET https://serviceusage.googleapis.com/v1/projects/fooddeliveryapp-47907/services/artifactregistry.googleapis.com x-goog-quota-user=projects/fooddeliveryapp-47907
[debug] [2025-03-21T14:42:48.077Z] <<< [apiv2][status] GET https://serviceusage.googleapis.com/v1/projects/fooddeliveryapp-47907/services/runtimeconfig.googleapis.com 200
[debug] [2025-03-21T14:42:48.077Z] <<< [apiv2][body] GET https://serviceusage.googleapis.com/v1/projects/fooddeliveryapp-47907/services/runtimeconfig.googleapis.com [omitted]
[debug] [2025-03-21T14:42:48.089Z] <<< [apiv2][status] GET https://serviceusage.googleapis.com/v1/projects/fooddeliveryapp-47907/services/artifactregistry.googleapis.com 200
[debug] [2025-03-21T14:42:48.089Z] <<< [apiv2][body] GET https://serviceusage.googleapis.com/v1/projects/fooddeliveryapp-47907/services/artifactregistry.googleapis.com [omitted]
[info] +  artifactregistry: required API artifactregistry.googleapis.com is enabled 
[debug] [2025-03-21T14:42:48.091Z] <<< [apiv2][status] GET https://serviceusage.googleapis.com/v1/projects/fooddeliveryapp-47907/services/cloudbuild.googleapis.com 200
[debug] [2025-03-21T14:42:48.091Z] <<< [apiv2][body] GET https://serviceusage.googleapis.com/v1/projects/fooddeliveryapp-47907/services/cloudbuild.googleapis.com [omitted]
[info] +  functions: required API cloudbuild.googleapis.com is enabled 
[debug] [2025-03-21T14:42:48.128Z] <<< [apiv2][status] GET https://serviceusage.googleapis.com/v1/projects/fooddeliveryapp-47907/services/cloudfunctions.googleapis.com 200
[debug] [2025-03-21T14:42:48.128Z] <<< [apiv2][body] GET https://serviceusage.googleapis.com/v1/projects/fooddeliveryapp-47907/services/cloudfunctions.googleapis.com [omitted]
[info] +  functions: required API cloudfunctions.googleapis.com is enabled 
[debug] [2025-03-21T14:42:48.129Z] Checked if tokens are valid: true, expires at: 1742571438606
[debug] [2025-03-21T14:42:48.129Z] Checked if tokens are valid: true, expires at: 1742571438606
[debug] [2025-03-21T14:42:48.129Z] >>> [apiv2][query] GET https://firebase.googleapis.com/v1beta1/projects/fooddeliveryapp-47907/adminSdkConfig [none]
[debug] [2025-03-21T14:42:48.744Z] <<< [apiv2][status] GET https://firebase.googleapis.com/v1beta1/projects/fooddeliveryapp-47907/adminSdkConfig 200
[debug] [2025-03-21T14:42:48.744Z] <<< [apiv2][body] GET https://firebase.googleapis.com/v1beta1/projects/fooddeliveryapp-47907/adminSdkConfig {"projectId":"fooddeliveryapp-47907","storageBucket":"fooddeliveryapp-47907.firebasestorage.app"}
[debug] [2025-03-21T14:42:48.745Z] Checked if tokens are valid: true, expires at: 1742571438606
[debug] [2025-03-21T14:42:48.745Z] Checked if tokens are valid: true, expires at: 1742571438606
[debug] [2025-03-21T14:42:48.745Z] >>> [apiv2][query] GET https://runtimeconfig.googleapis.com/v1beta1/projects/fooddeliveryapp-47907/configs [none]
[debug] [2025-03-21T14:42:49.373Z] <<< [apiv2][status] GET https://runtimeconfig.googleapis.com/v1beta1/projects/fooddeliveryapp-47907/configs 200
[debug] [2025-03-21T14:42:49.373Z] <<< [apiv2][body] GET https://runtimeconfig.googleapis.com/v1beta1/projects/fooddeliveryapp-47907/configs {}
[debug] [2025-03-21T14:42:49.374Z] Validating nodejs source
[warn] !  functions: Runtime Node.js 18 will be deprecated on 2025-04-30 and will be decommissioned on 2025-10-31, after which you will not be able to deploy without upgrading. Consider upgrading now to avoid disruption. See https://cloud.google.com/functions/docs/runtime-support for full details on the lifecycle policy 
[warn] !  functions: package.json indicates an outdated version of firebase-functions. Please upgrade using npm install --save firebase-functions@latest in your functions directory. 
[warn] !  functions: Please note that there will be breaking changes when you upgrade. 
[debug] [2025-03-21T14:42:50.249Z] > [functions] package.json contents: {
  "name": "functions",
  "scripts": {
    "build": "tsc",
    "build:watch": "tsc --watch",
    "serve": "npm run build && firebase emulators:start --only functions",
    "shell": "npm run build && firebase functions:shell",
    "start": "npm run shell",
    "deploy": "firebase deploy --only functions",
    "logs": "firebase functions:log"
  },
  "engines": {
    "node": "18"
  },
  "main": "lib/index.js",
  "dependencies": {
    "firebase-admin": "^11.8.0",
    "firebase-functions": "^4.3.1",
    "razorpay": "^2.8.6",
    "stripe": "^12.9.0"
  },
  "devDependencies": {
    "firebase-functions-test": "^3.1.0",
    "typescript": "^4.9.0"
  },
  "private": true
}
[debug] [2025-03-21T14:42:50.249Z] Building nodejs source
[info] i  functions: Loading and analyzing source code for codebase default to determine what to deploy 
[info] i  functions: You are using a version of firebase-functions SDK (4.9.0) that does not have support for the newest Firebase Extensions features. Please update firebase-functions SDK to >=5.1.0 to use them correctly 
[debug] [2025-03-21T14:42:50.251Z] Could not find functions.yaml. Must use http discovery
[debug] [2025-03-21T14:42:50.258Z] Found firebase-functions binary at 'D:\Programacao\foodDeliveryApp\functions\node_modules\.bin\firebase-functions'
[info] Serving at port 8620

[debug] [2025-03-21T14:42:50.643Z] Got response from /__/functions.yaml {"endpoints":{"testCors":{"availableMemoryMb":null,"timeoutSeconds":null,"minInstances":null,"maxInstances":null,"ingressSettings":null,"concurrency":null,"serviceAccountEmail":null,"vpc":null,"platform":"gcfv2","labels":{},"httpsTrigger":{},"entryPoint":"testCors"}},"specVersion":"v1alpha1","requiredAPIs":[]}
[info] i  functions: preparing functions directory for uploading... 
[info] i  functions: packaged D:\Programacao\foodDeliveryApp\functions (78.4 KB) for uploading 
[debug] [2025-03-21T14:42:54.722Z] Checked if tokens are valid: true, expires at: 1742571438606
[debug] [2025-03-21T14:42:54.722Z] Checked if tokens are valid: true, expires at: 1742571438606
[debug] [2025-03-21T14:42:54.723Z] >>> [apiv2][query] GET https://cloudfunctions.googleapis.com/v1/projects/fooddeliveryapp-47907/locations/-/functions [none]
[debug] [2025-03-21T14:42:55.735Z] <<< [apiv2][status] GET https://cloudfunctions.googleapis.com/v1/projects/fooddeliveryapp-47907/locations/-/functions 200
[debug] [2025-03-21T14:42:55.735Z] <<< [apiv2][body] GET https://cloudfunctions.googleapis.com/v1/projects/fooddeliveryapp-47907/locations/-/functions {"functions":[{"name":"projects/fooddeliveryapp-47907/locations/us-central1/functions/stripePaymentSheet","httpsTrigger":{"url":"https://us-central1-fooddeliveryapp-47907.cloudfunctions.net/stripePaymentSheet","securityLevel":"SECURE_ALWAYS"},"status":"ACTIVE","entryPoint":"stripePaymentSheet","timeout":"60s","availableMemoryMb":256,"serviceAccountEmail":"fooddeliveryapp-47907@appspot.gserviceaccount.com","updateTime":"2025-03-21T14:39:17.554Z","versionId":"2","labels":{"deployment-tool":"cli-firebase","firebase-functions-hash":"7015906a46f62f9b638b1a95edf112cfb42be2a3"},"sourceUploadUrl":"https://storage.googleapis.com/uploads-712832740038.us-central1.cloudfunctions.appspot.com/60b6dfc5-ea18-4370-b8fa-04dc247272b0.zip","environmentVariables":{"FIREBASE_CONFIG":"{\"projectId\":\"fooddeliveryapp-47907\",\"storageBucket\":\"fooddeliveryapp-47907.firebasestorage.app\"}","GCLOUD_PROJECT":"fooddeliveryapp-47907","EVENTARC_CLOUD_EVENT_SOURCE":"projects/fooddeliveryapp-47907/locations/us-central1/functions/stripePaymentSheet"},"runtime":"nodejs18","ingressSettings":"ALLOW_ALL","buildId":"c95c5d3e-563b-439a-97c0-5bb4a9c425d1","buildEnvironmentVariables":{"GOOGLE_NODE_RUN_SCRIPTS":""},"buildName":"projects/362935719807/locations/us-central1/builds/c95c5d3e-563b-439a-97c0-5bb4a9c425d1","dockerRegistry":"ARTIFACT_REGISTRY","automaticUpdatePolicy":{},"buildServiceAccount":"projects/fooddeliveryapp-47907/serviceAccounts/362935719807-compute@developer.gserviceaccount.com"}]}
[debug] [2025-03-21T14:42:55.735Z] Checked if tokens are valid: true, expires at: 1742571438606
[debug] [2025-03-21T14:42:55.735Z] Checked if tokens are valid: true, expires at: 1742571438606
[debug] [2025-03-21T14:42:55.736Z] >>> [apiv2][query] GET https://cloudfunctions.googleapis.com/v2/projects/fooddeliveryapp-47907/locations/-/functions filter=environment%3D%22GEN_2%22
[debug] [2025-03-21T14:42:56.921Z] <<< [apiv2][status] GET https://cloudfunctions.googleapis.com/v2/projects/fooddeliveryapp-47907/locations/-/functions 200
[debug] [2025-03-21T14:42:56.921Z] <<< [apiv2][body] GET https://cloudfunctions.googleapis.com/v2/projects/fooddeliveryapp-47907/locations/-/functions {}
[info] i  functions: ensuring required API run.googleapis.com is enabled... 
[debug] [2025-03-21T14:42:56.923Z] Checked if tokens are valid: true, expires at: 1742571438606
[debug] [2025-03-21T14:42:56.923Z] Checked if tokens are valid: true, expires at: 1742571438606
[info] i  functions: ensuring required API eventarc.googleapis.com is enabled... 
[debug] [2025-03-21T14:42:56.923Z] Checked if tokens are valid: true, expires at: 1742571438606
[debug] [2025-03-21T14:42:56.923Z] Checked if tokens are valid: true, expires at: 1742571438606
[info] i  functions: ensuring required API pubsub.googleapis.com is enabled... 
[debug] [2025-03-21T14:42:56.924Z] Checked if tokens are valid: true, expires at: 1742571438606
[debug] [2025-03-21T14:42:56.924Z] Checked if tokens are valid: true, expires at: 1742571438606
[info] i  functions: ensuring required API storage.googleapis.com is enabled... 
[debug] [2025-03-21T14:42:56.924Z] Checked if tokens are valid: true, expires at: 1742571438606
[debug] [2025-03-21T14:42:56.924Z] Checked if tokens are valid: true, expires at: 1742571438606
[debug] [2025-03-21T14:42:56.924Z] >>> [apiv2][query] GET https://serviceusage.googleapis.com/v1/projects/fooddeliveryapp-47907/services/run.googleapis.com [none]
[debug] [2025-03-21T14:42:56.925Z] >>> [apiv2][(partial)header] GET https://serviceusage.googleapis.com/v1/projects/fooddeliveryapp-47907/services/run.googleapis.com x-goog-quota-user=projects/fooddeliveryapp-47907
[debug] [2025-03-21T14:42:56.926Z] >>> [apiv2][query] GET https://serviceusage.googleapis.com/v1/projects/fooddeliveryapp-47907/services/eventarc.googleapis.com [none]
[debug] [2025-03-21T14:42:56.926Z] >>> [apiv2][(partial)header] GET https://serviceusage.googleapis.com/v1/projects/fooddeliveryapp-47907/services/eventarc.googleapis.com x-goog-quota-user=projects/fooddeliveryapp-47907
[debug] [2025-03-21T14:42:56.927Z] >>> [apiv2][query] GET https://serviceusage.googleapis.com/v1/projects/fooddeliveryapp-47907/services/pubsub.googleapis.com [none]
[debug] [2025-03-21T14:42:56.927Z] >>> [apiv2][(partial)header] GET https://serviceusage.googleapis.com/v1/projects/fooddeliveryapp-47907/services/pubsub.googleapis.com x-goog-quota-user=projects/fooddeliveryapp-47907
[debug] [2025-03-21T14:42:56.928Z] >>> [apiv2][query] GET https://serviceusage.googleapis.com/v1/projects/fooddeliveryapp-47907/services/storage.googleapis.com [none]
[debug] [2025-03-21T14:42:56.928Z] >>> [apiv2][(partial)header] GET https://serviceusage.googleapis.com/v1/projects/fooddeliveryapp-47907/services/storage.googleapis.com x-goog-quota-user=projects/fooddeliveryapp-47907
[debug] [2025-03-21T14:42:57.965Z] <<< [apiv2][status] GET https://serviceusage.googleapis.com/v1/projects/fooddeliveryapp-47907/services/pubsub.googleapis.com 200
[debug] [2025-03-21T14:42:57.965Z] <<< [apiv2][body] GET https://serviceusage.googleapis.com/v1/projects/fooddeliveryapp-47907/services/pubsub.googleapis.com [omitted]
[info] +  functions: required API pubsub.googleapis.com is enabled 
[debug] [2025-03-21T14:42:57.981Z] <<< [apiv2][status] GET https://serviceusage.googleapis.com/v1/projects/fooddeliveryapp-47907/services/run.googleapis.com 200
[debug] [2025-03-21T14:42:57.981Z] <<< [apiv2][body] GET https://serviceusage.googleapis.com/v1/projects/fooddeliveryapp-47907/services/run.googleapis.com [omitted]
[warn] !  functions: missing required API run.googleapis.com. Enabling now... 
[debug] [2025-03-21T14:42:57.982Z] Checked if tokens are valid: true, expires at: 1742571438606
[debug] [2025-03-21T14:42:57.982Z] Checked if tokens are valid: true, expires at: 1742571438606
[debug] [2025-03-21T14:42:57.982Z] >>> [apiv2][query] POST https://serviceusage.googleapis.com/v1/projects/fooddeliveryapp-47907/services/run.googleapis.com:enable [none]
[debug] [2025-03-21T14:42:57.982Z] >>> [apiv2][(partial)header] POST https://serviceusage.googleapis.com/v1/projects/fooddeliveryapp-47907/services/run.googleapis.com:enable x-goog-quota-user=projects/fooddeliveryapp-47907
[debug] [2025-03-21T14:42:57.994Z] <<< [apiv2][status] GET https://serviceusage.googleapis.com/v1/projects/fooddeliveryapp-47907/services/storage.googleapis.com 200
[debug] [2025-03-21T14:42:57.995Z] <<< [apiv2][body] GET https://serviceusage.googleapis.com/v1/projects/fooddeliveryapp-47907/services/storage.googleapis.com [omitted]
[info] +  functions: required API storage.googleapis.com is enabled 
[debug] [2025-03-21T14:42:58.002Z] <<< [apiv2][status] GET https://serviceusage.googleapis.com/v1/projects/fooddeliveryapp-47907/services/eventarc.googleapis.com 200
[debug] [2025-03-21T14:42:58.002Z] <<< [apiv2][body] GET https://serviceusage.googleapis.com/v1/projects/fooddeliveryapp-47907/services/eventarc.googleapis.com [omitted]
[warn] !  functions: missing required API eventarc.googleapis.com. Enabling now... 
[debug] [2025-03-21T14:42:58.003Z] Checked if tokens are valid: true, expires at: 1742571438606
[debug] [2025-03-21T14:42:58.003Z] Checked if tokens are valid: true, expires at: 1742571438606
[debug] [2025-03-21T14:42:58.003Z] >>> [apiv2][query] POST https://serviceusage.googleapis.com/v1/projects/fooddeliveryapp-47907/services/eventarc.googleapis.com:enable [none]
[debug] [2025-03-21T14:42:58.003Z] >>> [apiv2][(partial)header] POST https://serviceusage.googleapis.com/v1/projects/fooddeliveryapp-47907/services/eventarc.googleapis.com:enable x-goog-quota-user=projects/fooddeliveryapp-47907
[debug] [2025-03-21T14:42:58.663Z] <<< [apiv2][status] POST https://serviceusage.googleapis.com/v1/projects/fooddeliveryapp-47907/services/eventarc.googleapis.com:enable 200
[debug] [2025-03-21T14:42:58.663Z] <<< [apiv2][body] POST https://serviceusage.googleapis.com/v1/projects/fooddeliveryapp-47907/services/eventarc.googleapis.com:enable [omitted]
[debug] [2025-03-21T14:42:58.686Z] <<< [apiv2][status] POST https://serviceusage.googleapis.com/v1/projects/fooddeliveryapp-47907/services/run.googleapis.com:enable 200
[debug] [2025-03-21T14:42:58.686Z] <<< [apiv2][body] POST https://serviceusage.googleapis.com/v1/projects/fooddeliveryapp-47907/services/run.googleapis.com:enable [omitted]
[debug] [2025-03-21T14:43:08.678Z] Checked if tokens are valid: true, expires at: 1742571438606
[debug] [2025-03-21T14:43:08.678Z] Checked if tokens are valid: true, expires at: 1742571438606
[debug] [2025-03-21T14:43:08.679Z] >>> [apiv2][query] GET https://serviceusage.googleapis.com/v1/projects/fooddeliveryapp-47907/services/eventarc.googleapis.com [none]
[debug] [2025-03-21T14:43:08.679Z] >>> [apiv2][(partial)header] GET https://serviceusage.googleapis.com/v1/projects/fooddeliveryapp-47907/services/eventarc.googleapis.com x-goog-quota-user=projects/fooddeliveryapp-47907
[debug] [2025-03-21T14:43:08.693Z] Checked if tokens are valid: true, expires at: 1742571438606
[debug] [2025-03-21T14:43:08.693Z] Checked if tokens are valid: true, expires at: 1742571438606
[debug] [2025-03-21T14:43:08.693Z] >>> [apiv2][query] GET https://serviceusage.googleapis.com/v1/projects/fooddeliveryapp-47907/services/run.googleapis.com [none]
[debug] [2025-03-21T14:43:08.693Z] >>> [apiv2][(partial)header] GET https://serviceusage.googleapis.com/v1/projects/fooddeliveryapp-47907/services/run.googleapis.com x-goog-quota-user=projects/fooddeliveryapp-47907
[debug] [2025-03-21T14:43:09.730Z] <<< [apiv2][status] GET https://serviceusage.googleapis.com/v1/projects/fooddeliveryapp-47907/services/eventarc.googleapis.com 200
[debug] [2025-03-21T14:43:09.731Z] <<< [apiv2][body] GET https://serviceusage.googleapis.com/v1/projects/fooddeliveryapp-47907/services/eventarc.googleapis.com [omitted]
[info] +  functions: required API eventarc.googleapis.com is enabled 
[debug] [2025-03-21T14:43:10.027Z] <<< [apiv2][status] GET https://serviceusage.googleapis.com/v1/projects/fooddeliveryapp-47907/services/run.googleapis.com 200
[debug] [2025-03-21T14:43:10.027Z] <<< [apiv2][body] GET https://serviceusage.googleapis.com/v1/projects/fooddeliveryapp-47907/services/run.googleapis.com [omitted]
[info] +  functions: required API run.googleapis.com is enabled 
[info] i  functions: generating the service identity for pubsub.googleapis.com... 
[debug] [2025-03-21T14:43:10.029Z] Checked if tokens are valid: true, expires at: 1742571438606
[debug] [2025-03-21T14:43:10.029Z] Checked if tokens are valid: true, expires at: 1742571438606
[info] i  functions: generating the service identity for eventarc.googleapis.com... 
[debug] [2025-03-21T14:43:10.029Z] Checked if tokens are valid: true, expires at: 1742571438606
[debug] [2025-03-21T14:43:10.029Z] Checked if tokens are valid: true, expires at: 1742571438606
[debug] [2025-03-21T14:43:10.030Z] >>> [apiv2][query] POST https://serviceusage.googleapis.com/v1beta1/projects/362935719807/services/pubsub.googleapis.com:generateServiceIdentity [none]
[debug] [2025-03-21T14:43:10.030Z] >>> [apiv2][query] POST https://serviceusage.googleapis.com/v1beta1/projects/362935719807/services/eventarc.googleapis.com:generateServiceIdentity [none]
[debug] [2025-03-21T14:43:10.673Z] <<< [apiv2][status] POST https://serviceusage.googleapis.com/v1beta1/projects/362935719807/services/pubsub.googleapis.com:generateServiceIdentity 200
[debug] [2025-03-21T14:43:10.673Z] <<< [apiv2][body] POST https://serviceusage.googleapis.com/v1beta1/projects/362935719807/services/pubsub.googleapis.com:generateServiceIdentity {"name":"operations/finished.DONE_OPERATION","done":true,"response":{"@type":"type.googleapis.com/google.api.serviceusage.v1beta1.ServiceIdentity","email":"service-362935719807@gcp-sa-pubsub.iam.gserviceaccount.com","uniqueId":"114151949094779847545"}}
[debug] [2025-03-21T14:43:11.232Z] <<< [apiv2][status] POST https://serviceusage.googleapis.com/v1beta1/projects/362935719807/services/eventarc.googleapis.com:generateServiceIdentity 200
[debug] [2025-03-21T14:43:11.232Z] <<< [apiv2][body] POST https://serviceusage.googleapis.com/v1beta1/projects/362935719807/services/eventarc.googleapis.com:generateServiceIdentity {"name":"operations/finished.DONE_OPERATION","done":true,"response":{"@type":"type.googleapis.com/google.api.serviceusage.v1beta1.ServiceIdentity","email":"service-362935719807@gcp-sa-eventarc.iam.gserviceaccount.com","uniqueId":"111480200829437499112"}}
[debug] [2025-03-21T14:43:11.234Z] Checked if tokens are valid: true, expires at: 1742571438606
[debug] [2025-03-21T14:43:11.234Z] Checked if tokens are valid: true, expires at: 1742571438606
[debug] [2025-03-21T14:43:11.234Z] >>> [apiv2][query] GET https://cloudresourcemanager.googleapis.com/v1/projects/fooddeliveryapp-47907 [none]
[debug] [2025-03-21T14:43:12.138Z] <<< [apiv2][status] GET https://cloudresourcemanager.googleapis.com/v1/projects/fooddeliveryapp-47907 200
[debug] [2025-03-21T14:43:12.138Z] <<< [apiv2][body] GET https://cloudresourcemanager.googleapis.com/v1/projects/fooddeliveryapp-47907 {"projectNumber":"362935719807","projectId":"fooddeliveryapp-47907","lifecycleState":"ACTIVE","name":"foodDeliveryApp","labels":{"firebase":"enabled","firebase-core":"disabled"},"createTime":"2025-02-10T17:59:35.228709Z"}
[debug] [2025-03-21T14:43:12.139Z] [functions] found 1 new HTTP functions, testing setIamPolicy permission...
[debug] [2025-03-21T14:43:12.139Z] Checked if tokens are valid: true, expires at: 1742571438606
[debug] [2025-03-21T14:43:12.139Z] Checked if tokens are valid: true, expires at: 1742571438606
[debug] [2025-03-21T14:43:12.139Z] >>> [apiv2][query] POST https://cloudresourcemanager.googleapis.com/v1/projects/fooddeliveryapp-47907:testIamPermissions [none]
[debug] [2025-03-21T14:43:12.139Z] >>> [apiv2][(partial)header] POST https://cloudresourcemanager.googleapis.com/v1/projects/fooddeliveryapp-47907:testIamPermissions x-goog-quota-user=projects/fooddeliveryapp-47907
[debug] [2025-03-21T14:43:12.140Z] >>> [apiv2][body] POST https://cloudresourcemanager.googleapis.com/v1/projects/fooddeliveryapp-47907:testIamPermissions {"permissions":["cloudfunctions.functions.setIamPolicy"]}
[debug] [2025-03-21T14:43:12.318Z] <<< [apiv2][status] POST https://cloudresourcemanager.googleapis.com/v1/projects/fooddeliveryapp-47907:testIamPermissions 200
[debug] [2025-03-21T14:43:12.318Z] <<< [apiv2][body] POST https://cloudresourcemanager.googleapis.com/v1/projects/fooddeliveryapp-47907:testIamPermissions {"permissions":["cloudfunctions.functions.setIamPolicy"]}
[debug] [2025-03-21T14:43:12.319Z] [functions] found setIamPolicy permission, proceeding with deploy
[debug] [2025-03-21T14:43:12.319Z] Checked if tokens are valid: true, expires at: 1742571438606
[debug] [2025-03-21T14:43:12.319Z] Checked if tokens are valid: true, expires at: 1742571438606
[debug] [2025-03-21T14:43:12.319Z] >>> [apiv2][query] POST https://cloudfunctions.googleapis.com/v2/projects/fooddeliveryapp-47907/locations/us-central1/functions:generateUploadUrl [none]
[debug] [2025-03-21T14:43:14.094Z] <<< [apiv2][status] POST https://cloudfunctions.googleapis.com/v2/projects/fooddeliveryapp-47907/locations/us-central1/functions:generateUploadUrl 200
[debug] [2025-03-21T14:43:14.094Z] <<< [apiv2][body] POST https://cloudfunctions.googleapis.com/v2/projects/fooddeliveryapp-47907/locations/us-central1/functions:generateUploadUrl {"uploadUrl":"https://storage.googleapis.com/gcf-v2-uploads-362935719807.us-central1.cloudfunctions.appspot.com/dd6bdd13-af5e-4caa-aa26-f895e6a73413.zip?GoogleAccessId=service-362935719807@gcf-admin-robot.iam.gserviceaccount.com&Expires=1742569994&Signature=lYqGzypr8Jh0q83vlaudR4hrmTrAG3myD%2FCJfHG%2FgKusBHvNv0NTloAQiwI1ImBG6uafJ0KIaLYF7ZTbs4kBRRUOFtd0myFGSOZGcNvdv%2BleczwY0fz01gvB2ISpdIhn9s5c6rl%2BA7%2Bqu2g7f%2B%2FW%2F5l6q8hvvBxOO97pcKOTB4o15RvbtQqmLeZ547dMCgr3tv4WI48HtbG1d1L51houbG6Cd0AdhGKsWS4feI8C0yFv2wJZqu7RrAZcE2cCmS%2BoJln%2BkFhY2dt7A%2FMntPAcZcsJjnSd2Z9X4tLaui3uRBxIRBon1UJx0tkUVvM8ij%2BbX9YzI%2FMVTGnXUsh6ZzJfYA%3D%3D","storageSource":{"bucket":"gcf-v2-uploads-362935719807.us-central1.cloudfunctions.appspot.com","object":"dd6bdd13-af5e-4caa-aa26-f895e6a73413.zip"}}
[debug] [2025-03-21T14:43:14.095Z] >>> [apiv2][query] PUT https://storage.googleapis.com/gcf-v2-uploads-362935719807.us-central1.cloudfunctions.appspot.com/dd6bdd13-af5e-4caa-aa26-f895e6a73413.zip GoogleAccessId=service-362935719807%40gcf-admin-robot.iam.gserviceaccount.com&Expires=1742569994&Signature=lYqGzypr8Jh0q83vlaudR4hrmTrAG3myD%2FCJfHG%2FgKusBHvNv0NTloAQiwI1ImBG6uafJ0KIaLYF7ZTbs4kBRRUOFtd0myFGSOZGcNvdv%2BleczwY0fz01gvB2ISpdIhn9s5c6rl%2BA7%2Bqu2g7f%2B%2FW%2F5l6q8hvvBxOO97pcKOTB4o15RvbtQqmLeZ547dMCgr3tv4WI48HtbG1d1L51houbG6Cd0AdhGKsWS4feI8C0yFv2wJZqu7RrAZcE2cCmS%2BoJln%2BkFhY2dt7A%2FMntPAcZcsJjnSd2Z9X4tLaui3uRBxIRBon1UJx0tkUVvM8ij%2BbX9YzI%2FMVTGnXUsh6ZzJfYA%3D%3D
[debug] [2025-03-21T14:43:14.095Z] >>> [apiv2][body] PUT https://storage.googleapis.com/gcf-v2-uploads-362935719807.us-central1.cloudfunctions.appspot.com/dd6bdd13-af5e-4caa-aa26-f895e6a73413.zip [stream]
[debug] [2025-03-21T14:43:14.909Z] <<< [apiv2][status] PUT https://storage.googleapis.com/gcf-v2-uploads-362935719807.us-central1.cloudfunctions.appspot.com/dd6bdd13-af5e-4caa-aa26-f895e6a73413.zip 200
[debug] [2025-03-21T14:43:14.909Z] <<< [apiv2][body] PUT https://storage.googleapis.com/gcf-v2-uploads-362935719807.us-central1.cloudfunctions.appspot.com/dd6bdd13-af5e-4caa-aa26-f895e6a73413.zip [omitted]
[info] +  functions: functions folder uploaded successfully 
[info] 
The following functions are found in your project but do not exist in your local source code:
	stripePaymentSheet(us-central1)

If you are renaming a function or changing its region, it is recommended that you create the new function first before deleting the old one to prevent event loss. For more info, visit https://firebase.google.com/docs/functions/manage-functions#modify

[info] i  functions: creating Node.js 18 (2nd Gen) function testCors(us-central1)... 
[debug] [2025-03-21T14:43:53.658Z] Checked if tokens are valid: true, expires at: 1742571438606
[debug] [2025-03-21T14:43:53.658Z] Checked if tokens are valid: true, expires at: 1742571438606
[info] i  functions: deleting Node.js 18 (1st Gen) function stripePaymentSheet(us-central1)... 
[debug] [2025-03-21T14:43:53.659Z] Checked if tokens are valid: true, expires at: 1742571438606
[debug] [2025-03-21T14:43:53.659Z] Checked if tokens are valid: true, expires at: 1742571438606
[debug] [2025-03-21T14:43:53.659Z] >>> [apiv2][query] POST https://cloudfunctions.googleapis.com/v2/projects/fooddeliveryapp-47907/locations/us-central1/functions functionId=testCors
[debug] [2025-03-21T14:43:53.660Z] >>> [apiv2][body] POST https://cloudfunctions.googleapis.com/v2/projects/fooddeliveryapp-47907/locations/us-central1/functions {"name":"projects/fooddeliveryapp-47907/locations/us-central1/functions/testCors","buildConfig":{"runtime":"nodejs18","entryPoint":"testCors","source":{"storageSource":{"bucket":"gcf-v2-uploads-362935719807.us-central1.cloudfunctions.appspot.com","object":"dd6bdd13-af5e-4caa-aa26-f895e6a73413.zip"}},"environmentVariables":{"GOOGLE_NODE_RUN_SCRIPTS":""}},"serviceConfig":{"environmentVariables":{"FIREBASE_CONFIG":"{\"projectId\":\"fooddeliveryapp-47907\",\"storageBucket\":\"fooddeliveryapp-47907.firebasestorage.app\"}","GCLOUD_PROJECT":"fooddeliveryapp-47907","EVENTARC_CLOUD_EVENT_SOURCE":"projects/fooddeliveryapp-47907/locations/us-central1/services/testCors","FUNCTION_TARGET":"testCors"},"ingressSettings":null,"timeoutSeconds":null,"serviceAccountEmail":null,"availableMemory":"256Mi","minInstanceCount":null,"maxInstanceCount":null,"maxInstanceRequestConcurrency":80,"availableCpu":"1","vpcConnector":null,"vpcConnectorEgressSettings":null},"labels":{"deployment-tool":"cli-firebase","firebase-functions-hash":"cd9a236b6f43da74e13f84dfa21cad8d3e444829"}}
[debug] [2025-03-21T14:43:53.662Z] >>> [apiv2][query] DELETE https://cloudfunctions.googleapis.com/v1/projects/fooddeliveryapp-47907/locations/us-central1/functions/stripePaymentSheet [none]
[debug] [2025-03-21T14:43:54.500Z] <<< [apiv2][status] DELETE https://cloudfunctions.googleapis.com/v1/projects/fooddeliveryapp-47907/locations/us-central1/functions/stripePaymentSheet 200
[debug] [2025-03-21T14:43:54.500Z] <<< [apiv2][body] DELETE https://cloudfunctions.googleapis.com/v1/projects/fooddeliveryapp-47907/locations/us-central1/functions/stripePaymentSheet {"name":"operations/cHJvamVjdHMvZm9vZGRlbGl2ZXJ5YXBwLTQ3OTA3L2xvY2F0aW9ucy91cy1jZW50cmFsMS9vcGVyYXRpb25zL29wZXJhdGlvbi0xNzQyNTY4MjM0NjQ2LTYzMGRiNDg5ZjdkZDYtM2QxNDI1ZDgtODdkNjViMWU","metadata":{"@type":"type.googleapis.com/google.cloud.functions.v1.OperationMetadataV1","target":"projects/fooddeliveryapp-47907/locations/us-central1/functions/stripePaymentSheet","updateTime":"2025-03-21T14:43:54.693255902Z"}}
[debug] [2025-03-21T14:43:54.500Z] Checked if tokens are valid: true, expires at: 1742571438606
[debug] [2025-03-21T14:43:54.500Z] Checked if tokens are valid: true, expires at: 1742571438606
[debug] [2025-03-21T14:43:54.500Z] >>> [apiv2][query] GET https://cloudfunctions.googleapis.com/v1/operations/cHJvamVjdHMvZm9vZGRlbGl2ZXJ5YXBwLTQ3OTA3L2xvY2F0aW9ucy91cy1jZW50cmFsMS9vcGVyYXRpb25zL29wZXJhdGlvbi0xNzQyNTY4MjM0NjQ2LTYzMGRiNDg5ZjdkZDYtM2QxNDI1ZDgtODdkNjViMWU [none]
[debug] [2025-03-21T14:43:55.165Z] <<< [apiv2][status] GET https://cloudfunctions.googleapis.com/v1/operations/cHJvamVjdHMvZm9vZGRlbGl2ZXJ5YXBwLTQ3OTA3L2xvY2F0aW9ucy91cy1jZW50cmFsMS9vcGVyYXRpb25zL29wZXJhdGlvbi0xNzQyNTY4MjM0NjQ2LTYzMGRiNDg5ZjdkZDYtM2QxNDI1ZDgtODdkNjViMWU 200
[debug] [2025-03-21T14:43:55.165Z] <<< [apiv2][body] GET https://cloudfunctions.googleapis.com/v1/operations/cHJvamVjdHMvZm9vZGRlbGl2ZXJ5YXBwLTQ3OTA3L2xvY2F0aW9ucy91cy1jZW50cmFsMS9vcGVyYXRpb25zL29wZXJhdGlvbi0xNzQyNTY4MjM0NjQ2LTYzMGRiNDg5ZjdkZDYtM2QxNDI1ZDgtODdkNjViMWU {"name":"operations/cHJvamVjdHMvZm9vZGRlbGl2ZXJ5YXBwLTQ3OTA3L2xvY2F0aW9ucy91cy1jZW50cmFsMS9vcGVyYXRpb25zL29wZXJhdGlvbi0xNzQyNTY4MjM0NjQ2LTYzMGRiNDg5ZjdkZDYtM2QxNDI1ZDgtODdkNjViMWU","metadata":{"@type":"type.googleapis.com/google.cloud.functions.v1.OperationMetadataV1","target":"projects/fooddeliveryapp-47907/locations/us-central1/functions/stripePaymentSheet","type":"DELETE_FUNCTION","request":{"@type":"type.googleapis.com/google.cloud.functions.v1.CloudFunction","name":"projects/fooddeliveryapp-47907/locations/us-central1/functions/stripePaymentSheet","httpsTrigger":{},"updateTime":"1970-01-01T00:00:00Z"},"updateTime":"2025-03-21T14:43:54.693255902Z"}}
[debug] [2025-03-21T14:43:55.674Z] [delete-default-us-central1-stripePaymentSheet] Retrying task index 0
[debug] [2025-03-21T14:43:55.674Z] Checked if tokens are valid: true, expires at: 1742571438606
[debug] [2025-03-21T14:43:55.674Z] Checked if tokens are valid: true, expires at: 1742571438606
[debug] [2025-03-21T14:43:55.674Z] >>> [apiv2][query] GET https://cloudfunctions.googleapis.com/v1/operations/cHJvamVjdHMvZm9vZGRlbGl2ZXJ5YXBwLTQ3OTA3L2xvY2F0aW9ucy91cy1jZW50cmFsMS9vcGVyYXRpb25zL29wZXJhdGlvbi0xNzQyNTY4MjM0NjQ2LTYzMGRiNDg5ZjdkZDYtM2QxNDI1ZDgtODdkNjViMWU [none]
[debug] [2025-03-21T14:43:55.796Z] <<< [apiv2][status] POST https://cloudfunctions.googleapis.com/v2/projects/fooddeliveryapp-47907/locations/us-central1/functions 200
[debug] [2025-03-21T14:43:55.796Z] <<< [apiv2][body] POST https://cloudfunctions.googleapis.com/v2/projects/fooddeliveryapp-47907/locations/us-central1/functions {"name":"projects/fooddeliveryapp-47907/locations/us-central1/operations/operation-1742568235059-630db48a5c9ca-5b8407b1-e99c46f7","metadata":{"@type":"type.googleapis.com/google.cloud.functions.v2.OperationMetadata","createTime":"2025-03-21T14:43:56.017852015Z","target":"projects/fooddeliveryapp-47907/locations/us-central1/functions/testCors","verb":"create","cancelRequested":false,"apiVersion":"v2"},"done":false}
[debug] [2025-03-21T14:43:55.796Z] Checked if tokens are valid: true, expires at: 1742571438606
[debug] [2025-03-21T14:43:55.796Z] Checked if tokens are valid: true, expires at: 1742571438606
[debug] [2025-03-21T14:43:55.796Z] >>> [apiv2][query] GET https://cloudfunctions.googleapis.com/v2/projects/fooddeliveryapp-47907/locations/us-central1/operations/operation-1742568235059-630db48a5c9ca-5b8407b1-e99c46f7 [none]
[debug] [2025-03-21T14:43:56.233Z] <<< [apiv2][status] GET https://cloudfunctions.googleapis.com/v1/operations/cHJvamVjdHMvZm9vZGRlbGl2ZXJ5YXBwLTQ3OTA3L2xvY2F0aW9ucy91cy1jZW50cmFsMS9vcGVyYXRpb25zL29wZXJhdGlvbi0xNzQyNTY4MjM0NjQ2LTYzMGRiNDg5ZjdkZDYtM2QxNDI1ZDgtODdkNjViMWU 200
[debug] [2025-03-21T14:43:56.233Z] <<< [apiv2][body] GET https://cloudfunctions.googleapis.com/v1/operations/cHJvamVjdHMvZm9vZGRlbGl2ZXJ5YXBwLTQ3OTA3L2xvY2F0aW9ucy91cy1jZW50cmFsMS9vcGVyYXRpb25zL29wZXJhdGlvbi0xNzQyNTY4MjM0NjQ2LTYzMGRiNDg5ZjdkZDYtM2QxNDI1ZDgtODdkNjViMWU {"name":"operations/cHJvamVjdHMvZm9vZGRlbGl2ZXJ5YXBwLTQ3OTA3L2xvY2F0aW9ucy91cy1jZW50cmFsMS9vcGVyYXRpb25zL29wZXJhdGlvbi0xNzQyNTY4MjM0NjQ2LTYzMGRiNDg5ZjdkZDYtM2QxNDI1ZDgtODdkNjViMWU","metadata":{"@type":"type.googleapis.com/google.cloud.functions.v1.OperationMetadataV1","target":"projects/fooddeliveryapp-47907/locations/us-central1/functions/stripePaymentSheet","type":"DELETE_FUNCTION","request":{"@type":"type.googleapis.com/google.cloud.functions.v1.CloudFunction","name":"projects/fooddeliveryapp-47907/locations/us-central1/functions/stripePaymentSheet","httpsTrigger":{},"updateTime":"1970-01-01T00:00:00Z"},"updateTime":"2025-03-21T14:43:54.693255902Z"}}
[debug] [2025-03-21T14:43:56.848Z] <<< [apiv2][status] GET https://cloudfunctions.googleapis.com/v2/projects/fooddeliveryapp-47907/locations/us-central1/operations/operation-1742568235059-630db48a5c9ca-5b8407b1-e99c46f7 200
[debug] [2025-03-21T14:43:56.848Z] <<< [apiv2][body] GET https://cloudfunctions.googleapis.com/v2/projects/fooddeliveryapp-47907/locations/us-central1/operations/operation-1742568235059-630db48a5c9ca-5b8407b1-e99c46f7 {"name":"projects/fooddeliveryapp-47907/locations/us-central1/operations/operation-1742568235059-630db48a5c9ca-5b8407b1-e99c46f7","metadata":{"@type":"type.googleapis.com/google.cloud.functions.v2.OperationMetadata","createTime":"2025-03-21T14:43:56.017852015Z","target":"projects/fooddeliveryapp-47907/locations/us-central1/functions/testCors","verb":"create","cancelRequested":false,"apiVersion":"v2","requestResource":{"@type":"type.googleapis.com/google.cloud.functions.v2.Function","name":"projects/fooddeliveryapp-47907/locations/us-central1/functions/testCors","buildConfig":{"runtime":"nodejs18","entryPoint":"testCors","source":{"storageSource":{"bucket":"gcf-v2-sources-362935719807-us-central1","object":"testCors/function-source.zip","generation":"1742568235739053"}},"environmentVariables":{"GOOGLE_NODE_RUN_SCRIPTS":""},"serviceAccount":"projects/fooddeliveryapp-47907/serviceAccounts/362935719807-compute@developer.gserviceaccount.com","automaticUpdatePolicy":{}},"serviceConfig":{"service":"projects/fooddeliveryapp-47907/locations/us-central1/services/testcors","timeoutSeconds":60,"environmentVariables":{"FIREBASE_CONFIG":"{\"projectId\":\"fooddeliveryapp-47907\",\"storageBucket\":\"fooddeliveryapp-47907.firebasestorage.app\"}","GCLOUD_PROJECT":"fooddeliveryapp-47907","EVENTARC_CLOUD_EVENT_SOURCE":"projects/fooddeliveryapp-47907/locations/us-central1/services/testCors","FUNCTION_TARGET":"testCors","LOG_EXECUTION_ID":"true"},"ingressSettings":"ALLOW_ALL","serviceAccountEmail":"362935719807-compute@developer.gserviceaccount.com","availableMemory":"256Mi","maxInstanceRequestConcurrency":80,"availableCpu":"1"},"labels":{"deployment-tool":"cli-firebase","firebase-functions-hash":"cd9a236b6f43da74e13f84dfa21cad8d3e444829"},"environment":"GEN_2"},"stages":[{"name":"BUILD","message":"Creating build","state":"IN_PROGRESS","resource":"projects/362935719807/locations/us-central1/builds/e14729d0-e06d-4f01-ba84-71910b3a043d","resourceUri":"https://console.cloud.google.com/cloud-build/builds;region=us-central1/e14729d0-e06d-4f01-ba84-71910b3a043d?project=362935719807"},{"name":"SERVICE","state":"NOT_STARTED"}],"operationType":"CREATE_FUNCTION","buildName":"projects/362935719807/locations/us-central1/builds/e14729d0-e06d-4f01-ba84-71910b3a043d"},"done":false}
[debug] [2025-03-21T14:43:57.235Z] [delete-default-us-central1-stripePaymentSheet] Retrying task index 0
[debug] [2025-03-21T14:43:57.236Z] Checked if tokens are valid: true, expires at: 1742571438606
[debug] [2025-03-21T14:43:57.236Z] Checked if tokens are valid: true, expires at: 1742571438606
[debug] [2025-03-21T14:43:57.236Z] >>> [apiv2][query] GET https://cloudfunctions.googleapis.com/v1/operations/cHJvamVjdHMvZm9vZGRlbGl2ZXJ5YXBwLTQ3OTA3L2xvY2F0aW9ucy91cy1jZW50cmFsMS9vcGVyYXRpb25zL29wZXJhdGlvbi0xNzQyNTY4MjM0NjQ2LTYzMGRiNDg5ZjdkZDYtM2QxNDI1ZDgtODdkNjViMWU [none]
[debug] [2025-03-21T14:43:57.359Z] [create-default-us-central1-testCors] Retrying task index 0
[debug] [2025-03-21T14:43:57.359Z] Checked if tokens are valid: true, expires at: 1742571438606
[debug] [2025-03-21T14:43:57.359Z] Checked if tokens are valid: true, expires at: 1742571438606
[debug] [2025-03-21T14:43:57.359Z] >>> [apiv2][query] GET https://cloudfunctions.googleapis.com/v2/projects/fooddeliveryapp-47907/locations/us-central1/operations/operation-1742568235059-630db48a5c9ca-5b8407b1-e99c46f7 [none]
[debug] [2025-03-21T14:43:57.847Z] <<< [apiv2][status] GET https://cloudfunctions.googleapis.com/v1/operations/cHJvamVjdHMvZm9vZGRlbGl2ZXJ5YXBwLTQ3OTA3L2xvY2F0aW9ucy91cy1jZW50cmFsMS9vcGVyYXRpb25zL29wZXJhdGlvbi0xNzQyNTY4MjM0NjQ2LTYzMGRiNDg5ZjdkZDYtM2QxNDI1ZDgtODdkNjViMWU 200
[debug] [2025-03-21T14:43:57.847Z] <<< [apiv2][body] GET https://cloudfunctions.googleapis.com/v1/operations/cHJvamVjdHMvZm9vZGRlbGl2ZXJ5YXBwLTQ3OTA3L2xvY2F0aW9ucy91cy1jZW50cmFsMS9vcGVyYXRpb25zL29wZXJhdGlvbi0xNzQyNTY4MjM0NjQ2LTYzMGRiNDg5ZjdkZDYtM2QxNDI1ZDgtODdkNjViMWU {"name":"operations/cHJvamVjdHMvZm9vZGRlbGl2ZXJ5YXBwLTQ3OTA3L2xvY2F0aW9ucy91cy1jZW50cmFsMS9vcGVyYXRpb25zL29wZXJhdGlvbi0xNzQyNTY4MjM0NjQ2LTYzMGRiNDg5ZjdkZDYtM2QxNDI1ZDgtODdkNjViMWU","metadata":{"@type":"type.googleapis.com/google.cloud.functions.v1.OperationMetadataV1","target":"projects/fooddeliveryapp-47907/locations/us-central1/functions/stripePaymentSheet","type":"DELETE_FUNCTION","request":{"@type":"type.googleapis.com/google.cloud.functions.v1.CloudFunction","name":"projects/fooddeliveryapp-47907/locations/us-central1/functions/stripePaymentSheet","httpsTrigger":{},"updateTime":"1970-01-01T00:00:00Z"},"updateTime":"2025-03-21T14:43:54.693255902Z"}}
[debug] [2025-03-21T14:43:58.397Z] <<< [apiv2][status] GET https://cloudfunctions.googleapis.com/v2/projects/fooddeliveryapp-47907/locations/us-central1/operations/operation-1742568235059-630db48a5c9ca-5b8407b1-e99c46f7 200
[debug] [2025-03-21T14:43:58.397Z] <<< [apiv2][body] GET https://cloudfunctions.googleapis.com/v2/projects/fooddeliveryapp-47907/locations/us-central1/operations/operation-1742568235059-630db48a5c9ca-5b8407b1-e99c46f7 {"name":"projects/fooddeliveryapp-47907/locations/us-central1/operations/operation-1742568235059-630db48a5c9ca-5b8407b1-e99c46f7","metadata":{"@type":"type.googleapis.com/google.cloud.functions.v2.OperationMetadata","createTime":"2025-03-21T14:43:56.017852015Z","target":"projects/fooddeliveryapp-47907/locations/us-central1/functions/testCors","verb":"create","cancelRequested":false,"apiVersion":"v2","requestResource":{"@type":"type.googleapis.com/google.cloud.functions.v2.Function","name":"projects/fooddeliveryapp-47907/locations/us-central1/functions/testCors","buildConfig":{"runtime":"nodejs18","entryPoint":"testCors","source":{"storageSource":{"bucket":"gcf-v2-sources-362935719807-us-central1","object":"testCors/function-source.zip","generation":"1742568235739053"}},"environmentVariables":{"GOOGLE_NODE_RUN_SCRIPTS":""},"serviceAccount":"projects/fooddeliveryapp-47907/serviceAccounts/362935719807-compute@developer.gserviceaccount.com","automaticUpdatePolicy":{}},"serviceConfig":{"service":"projects/fooddeliveryapp-47907/locations/us-central1/services/testcors","timeoutSeconds":60,"environmentVariables":{"FIREBASE_CONFIG":"{\"projectId\":\"fooddeliveryapp-47907\",\"storageBucket\":\"fooddeliveryapp-47907.firebasestorage.app\"}","GCLOUD_PROJECT":"fooddeliveryapp-47907","EVENTARC_CLOUD_EVENT_SOURCE":"projects/fooddeliveryapp-47907/locations/us-central1/services/testCors","FUNCTION_TARGET":"testCors","LOG_EXECUTION_ID":"true"},"ingressSettings":"ALLOW_ALL","serviceAccountEmail":"362935719807-compute@developer.gserviceaccount.com","availableMemory":"256Mi","maxInstanceRequestConcurrency":80,"availableCpu":"1"},"labels":{"deployment-tool":"cli-firebase","firebase-functions-hash":"cd9a236b6f43da74e13f84dfa21cad8d3e444829"},"environment":"GEN_2"},"stages":[{"name":"BUILD","message":"Build in progress","state":"IN_PROGRESS","resource":"projects/362935719807/locations/us-central1/builds/e14729d0-e06d-4f01-ba84-71910b3a043d","resourceUri":"https://console.cloud.google.com/cloud-build/builds;region=us-central1/e14729d0-e06d-4f01-ba84-71910b3a043d?project=362935719807"},{"name":"SERVICE","state":"NOT_STARTED"}],"operationType":"CREATE_FUNCTION","buildName":"projects/362935719807/locations/us-central1/builds/e14729d0-e06d-4f01-ba84-71910b3a043d"},"done":false}
[debug] [2025-03-21T14:43:59.406Z] [create-default-us-central1-testCors] Retrying task index 0
[debug] [2025-03-21T14:43:59.406Z] Checked if tokens are valid: true, expires at: 1742571438606
[debug] [2025-03-21T14:43:59.406Z] Checked if tokens are valid: true, expires at: 1742571438606
[debug] [2025-03-21T14:43:59.406Z] >>> [apiv2][query] GET https://cloudfunctions.googleapis.com/v2/projects/fooddeliveryapp-47907/locations/us-central1/operations/operation-1742568235059-630db48a5c9ca-5b8407b1-e99c46f7 [none]
[debug] [2025-03-21T14:43:59.861Z] [delete-default-us-central1-stripePaymentSheet] Retrying task index 0
[debug] [2025-03-21T14:43:59.862Z] Checked if tokens are valid: true, expires at: 1742571438606
[debug] [2025-03-21T14:43:59.862Z] Checked if tokens are valid: true, expires at: 1742571438606
[debug] [2025-03-21T14:43:59.862Z] >>> [apiv2][query] GET https://cloudfunctions.googleapis.com/v1/operations/cHJvamVjdHMvZm9vZGRlbGl2ZXJ5YXBwLTQ3OTA3L2xvY2F0aW9ucy91cy1jZW50cmFsMS9vcGVyYXRpb25zL29wZXJhdGlvbi0xNzQyNTY4MjM0NjQ2LTYzMGRiNDg5ZjdkZDYtM2QxNDI1ZDgtODdkNjViMWU [none]
[debug] [2025-03-21T14:44:00.449Z] <<< [apiv2][status] GET https://cloudfunctions.googleapis.com/v2/projects/fooddeliveryapp-47907/locations/us-central1/operations/operation-1742568235059-630db48a5c9ca-5b8407b1-e99c46f7 200
[debug] [2025-03-21T14:44:00.449Z] <<< [apiv2][body] GET https://cloudfunctions.googleapis.com/v2/projects/fooddeliveryapp-47907/locations/us-central1/operations/operation-1742568235059-630db48a5c9ca-5b8407b1-e99c46f7 {"name":"projects/fooddeliveryapp-47907/locations/us-central1/operations/operation-1742568235059-630db48a5c9ca-5b8407b1-e99c46f7","metadata":{"@type":"type.googleapis.com/google.cloud.functions.v2.OperationMetadata","createTime":"2025-03-21T14:43:56.017852015Z","target":"projects/fooddeliveryapp-47907/locations/us-central1/functions/testCors","verb":"create","cancelRequested":false,"apiVersion":"v2","requestResource":{"@type":"type.googleapis.com/google.cloud.functions.v2.Function","name":"projects/fooddeliveryapp-47907/locations/us-central1/functions/testCors","buildConfig":{"runtime":"nodejs18","entryPoint":"testCors","source":{"storageSource":{"bucket":"gcf-v2-sources-362935719807-us-central1","object":"testCors/function-source.zip","generation":"1742568235739053"}},"environmentVariables":{"GOOGLE_NODE_RUN_SCRIPTS":""},"serviceAccount":"projects/fooddeliveryapp-47907/serviceAccounts/362935719807-compute@developer.gserviceaccount.com","automaticUpdatePolicy":{}},"serviceConfig":{"service":"projects/fooddeliveryapp-47907/locations/us-central1/services/testcors","timeoutSeconds":60,"environmentVariables":{"FIREBASE_CONFIG":"{\"projectId\":\"fooddeliveryapp-47907\",\"storageBucket\":\"fooddeliveryapp-47907.firebasestorage.app\"}","GCLOUD_PROJECT":"fooddeliveryapp-47907","EVENTARC_CLOUD_EVENT_SOURCE":"projects/fooddeliveryapp-47907/locations/us-central1/services/testCors","FUNCTION_TARGET":"testCors","LOG_EXECUTION_ID":"true"},"ingressSettings":"ALLOW_ALL","serviceAccountEmail":"362935719807-compute@developer.gserviceaccount.com","availableMemory":"256Mi","maxInstanceRequestConcurrency":80,"availableCpu":"1"},"labels":{"deployment-tool":"cli-firebase","firebase-functions-hash":"cd9a236b6f43da74e13f84dfa21cad8d3e444829"},"environment":"GEN_2"},"stages":[{"name":"BUILD","message":"Build in progress","state":"IN_PROGRESS","resource":"projects/362935719807/locations/us-central1/builds/e14729d0-e06d-4f01-ba84-71910b3a043d","resourceUri":"https://console.cloud.google.com/cloud-build/builds;region=us-central1/e14729d0-e06d-4f01-ba84-71910b3a043d?project=362935719807"},{"name":"SERVICE","state":"NOT_STARTED"}],"operationType":"CREATE_FUNCTION","buildName":"projects/362935719807/locations/us-central1/builds/e14729d0-e06d-4f01-ba84-71910b3a043d"},"done":false}
[debug] [2025-03-21T14:44:00.533Z] <<< [apiv2][status] GET https://cloudfunctions.googleapis.com/v1/operations/cHJvamVjdHMvZm9vZGRlbGl2ZXJ5YXBwLTQ3OTA3L2xvY2F0aW9ucy91cy1jZW50cmFsMS9vcGVyYXRpb25zL29wZXJhdGlvbi0xNzQyNTY4MjM0NjQ2LTYzMGRiNDg5ZjdkZDYtM2QxNDI1ZDgtODdkNjViMWU 200
[debug] [2025-03-21T14:44:00.533Z] <<< [apiv2][body] GET https://cloudfunctions.googleapis.com/v1/operations/cHJvamVjdHMvZm9vZGRlbGl2ZXJ5YXBwLTQ3OTA3L2xvY2F0aW9ucy91cy1jZW50cmFsMS9vcGVyYXRpb25zL29wZXJhdGlvbi0xNzQyNTY4MjM0NjQ2LTYzMGRiNDg5ZjdkZDYtM2QxNDI1ZDgtODdkNjViMWU {"name":"operations/cHJvamVjdHMvZm9vZGRlbGl2ZXJ5YXBwLTQ3OTA3L2xvY2F0aW9ucy91cy1jZW50cmFsMS9vcGVyYXRpb25zL29wZXJhdGlvbi0xNzQyNTY4MjM0NjQ2LTYzMGRiNDg5ZjdkZDYtM2QxNDI1ZDgtODdkNjViMWU","metadata":{"@type":"type.googleapis.com/google.cloud.functions.v1.OperationMetadataV1","target":"projects/fooddeliveryapp-47907/locations/us-central1/functions/stripePaymentSheet","type":"DELETE_FUNCTION","request":{"@type":"type.googleapis.com/google.cloud.functions.v1.CloudFunction","name":"projects/fooddeliveryapp-47907/locations/us-central1/functions/stripePaymentSheet","httpsTrigger":{},"updateTime":"1970-01-01T00:00:00Z"},"updateTime":"2025-03-21T14:43:59.666729545Z"},"done":true}
[info] +  functions[stripePaymentSheet(us-central1)] Successful delete operation. 
[debug] [2025-03-21T14:44:02.461Z] [create-default-us-central1-testCors] Retrying task index 0
[debug] [2025-03-21T14:44:02.462Z] Checked if tokens are valid: true, expires at: 1742571438606
[debug] [2025-03-21T14:44:02.462Z] Checked if tokens are valid: true, expires at: 1742571438606
[debug] [2025-03-21T14:44:02.462Z] >>> [apiv2][query] GET https://cloudfunctions.googleapis.com/v2/projects/fooddeliveryapp-47907/locations/us-central1/operations/operation-1742568235059-630db48a5c9ca-5b8407b1-e99c46f7 [none]
[debug] [2025-03-21T14:44:03.519Z] <<< [apiv2][status] GET https://cloudfunctions.googleapis.com/v2/projects/fooddeliveryapp-47907/locations/us-central1/operations/operation-1742568235059-630db48a5c9ca-5b8407b1-e99c46f7 200
[debug] [2025-03-21T14:44:03.519Z] <<< [apiv2][body] GET https://cloudfunctions.googleapis.com/v2/projects/fooddeliveryapp-47907/locations/us-central1/operations/operation-1742568235059-630db48a5c9ca-5b8407b1-e99c46f7 {"name":"projects/fooddeliveryapp-47907/locations/us-central1/operations/operation-1742568235059-630db48a5c9ca-5b8407b1-e99c46f7","metadata":{"@type":"type.googleapis.com/google.cloud.functions.v2.OperationMetadata","createTime":"2025-03-21T14:43:56.017852015Z","target":"projects/fooddeliveryapp-47907/locations/us-central1/functions/testCors","verb":"create","cancelRequested":false,"apiVersion":"v2","requestResource":{"@type":"type.googleapis.com/google.cloud.functions.v2.Function","name":"projects/fooddeliveryapp-47907/locations/us-central1/functions/testCors","buildConfig":{"runtime":"nodejs18","entryPoint":"testCors","source":{"storageSource":{"bucket":"gcf-v2-sources-362935719807-us-central1","object":"testCors/function-source.zip","generation":"1742568235739053"}},"environmentVariables":{"GOOGLE_NODE_RUN_SCRIPTS":""},"serviceAccount":"projects/fooddeliveryapp-47907/serviceAccounts/362935719807-compute@developer.gserviceaccount.com","automaticUpdatePolicy":{}},"serviceConfig":{"service":"projects/fooddeliveryapp-47907/locations/us-central1/services/testcors","timeoutSeconds":60,"environmentVariables":{"FIREBASE_CONFIG":"{\"projectId\":\"fooddeliveryapp-47907\",\"storageBucket\":\"fooddeliveryapp-47907.firebasestorage.app\"}","GCLOUD_PROJECT":"fooddeliveryapp-47907","EVENTARC_CLOUD_EVENT_SOURCE":"projects/fooddeliveryapp-47907/locations/us-central1/services/testCors","FUNCTION_TARGET":"testCors","LOG_EXECUTION_ID":"true"},"ingressSettings":"ALLOW_ALL","serviceAccountEmail":"362935719807-compute@developer.gserviceaccount.com","availableMemory":"256Mi","maxInstanceRequestConcurrency":80,"availableCpu":"1"},"labels":{"deployment-tool":"cli-firebase","firebase-functions-hash":"cd9a236b6f43da74e13f84dfa21cad8d3e444829"},"environment":"GEN_2"},"stages":[{"name":"BUILD","message":"Build in progress","state":"IN_PROGRESS","resource":"projects/362935719807/locations/us-central1/builds/e14729d0-e06d-4f01-ba84-71910b3a043d","resourceUri":"https://console.cloud.google.com/cloud-build/builds;region=us-central1/e14729d0-e06d-4f01-ba84-71910b3a043d?project=362935719807"},{"name":"SERVICE","state":"NOT_STARTED"}],"operationType":"CREATE_FUNCTION","buildName":"projects/362935719807/locations/us-central1/builds/e14729d0-e06d-4f01-ba84-71910b3a043d"},"done":false}
[debug] [2025-03-21T14:44:07.529Z] [create-default-us-central1-testCors] Retrying task index 0
[debug] [2025-03-21T14:44:07.530Z] Checked if tokens are valid: true, expires at: 1742571438606
[debug] [2025-03-21T14:44:07.530Z] Checked if tokens are valid: true, expires at: 1742571438606
[debug] [2025-03-21T14:44:07.530Z] >>> [apiv2][query] GET https://cloudfunctions.googleapis.com/v2/projects/fooddeliveryapp-47907/locations/us-central1/operations/operation-1742568235059-630db48a5c9ca-5b8407b1-e99c46f7 [none]
[debug] [2025-03-21T14:44:08.591Z] <<< [apiv2][status] GET https://cloudfunctions.googleapis.com/v2/projects/fooddeliveryapp-47907/locations/us-central1/operations/operation-1742568235059-630db48a5c9ca-5b8407b1-e99c46f7 200
[debug] [2025-03-21T14:44:08.591Z] <<< [apiv2][body] GET https://cloudfunctions.googleapis.com/v2/projects/fooddeliveryapp-47907/locations/us-central1/operations/operation-1742568235059-630db48a5c9ca-5b8407b1-e99c46f7 {"name":"projects/fooddeliveryapp-47907/locations/us-central1/operations/operation-1742568235059-630db48a5c9ca-5b8407b1-e99c46f7","metadata":{"@type":"type.googleapis.com/google.cloud.functions.v2.OperationMetadata","createTime":"2025-03-21T14:43:56.017852015Z","target":"projects/fooddeliveryapp-47907/locations/us-central1/functions/testCors","verb":"create","cancelRequested":false,"apiVersion":"v2","requestResource":{"@type":"type.googleapis.com/google.cloud.functions.v2.Function","name":"projects/fooddeliveryapp-47907/locations/us-central1/functions/testCors","buildConfig":{"runtime":"nodejs18","entryPoint":"testCors","source":{"storageSource":{"bucket":"gcf-v2-sources-362935719807-us-central1","object":"testCors/function-source.zip","generation":"1742568235739053"}},"environmentVariables":{"GOOGLE_NODE_RUN_SCRIPTS":""},"serviceAccount":"projects/fooddeliveryapp-47907/serviceAccounts/362935719807-compute@developer.gserviceaccount.com","automaticUpdatePolicy":{}},"serviceConfig":{"service":"projects/fooddeliveryapp-47907/locations/us-central1/services/testcors","timeoutSeconds":60,"environmentVariables":{"FIREBASE_CONFIG":"{\"projectId\":\"fooddeliveryapp-47907\",\"storageBucket\":\"fooddeliveryapp-47907.firebasestorage.app\"}","GCLOUD_PROJECT":"fooddeliveryapp-47907","EVENTARC_CLOUD_EVENT_SOURCE":"projects/fooddeliveryapp-47907/locations/us-central1/services/testCors","FUNCTION_TARGET":"testCors","LOG_EXECUTION_ID":"true"},"ingressSettings":"ALLOW_ALL","serviceAccountEmail":"362935719807-compute@developer.gserviceaccount.com","availableMemory":"256Mi","maxInstanceRequestConcurrency":80,"availableCpu":"1"},"labels":{"deployment-tool":"cli-firebase","firebase-functions-hash":"cd9a236b6f43da74e13f84dfa21cad8d3e444829"},"environment":"GEN_2"},"stages":[{"name":"BUILD","message":"Build in progress","state":"IN_PROGRESS","resource":"projects/362935719807/locations/us-central1/builds/e14729d0-e06d-4f01-ba84-71910b3a043d","resourceUri":"https://console.cloud.google.com/cloud-build/builds;region=us-central1/e14729d0-e06d-4f01-ba84-71910b3a043d?project=362935719807"},{"name":"SERVICE","state":"NOT_STARTED"}],"operationType":"CREATE_FUNCTION","buildName":"projects/362935719807/locations/us-central1/builds/e14729d0-e06d-4f01-ba84-71910b3a043d"},"done":false}
[debug] [2025-03-21T14:44:16.594Z] [create-default-us-central1-testCors] Retrying task index 0
[debug] [2025-03-21T14:44:16.594Z] Checked if tokens are valid: true, expires at: 1742571438606
[debug] [2025-03-21T14:44:16.594Z] Checked if tokens are valid: true, expires at: 1742571438606
[debug] [2025-03-21T14:44:16.594Z] >>> [apiv2][query] GET https://cloudfunctions.googleapis.com/v2/projects/fooddeliveryapp-47907/locations/us-central1/operations/operation-1742568235059-630db48a5c9ca-5b8407b1-e99c46f7 [none]
[debug] [2025-03-21T14:44:17.746Z] <<< [apiv2][status] GET https://cloudfunctions.googleapis.com/v2/projects/fooddeliveryapp-47907/locations/us-central1/operations/operation-1742568235059-630db48a5c9ca-5b8407b1-e99c46f7 200
[debug] [2025-03-21T14:44:17.746Z] <<< [apiv2][body] GET https://cloudfunctions.googleapis.com/v2/projects/fooddeliveryapp-47907/locations/us-central1/operations/operation-1742568235059-630db48a5c9ca-5b8407b1-e99c46f7 {"name":"projects/fooddeliveryapp-47907/locations/us-central1/operations/operation-1742568235059-630db48a5c9ca-5b8407b1-e99c46f7","metadata":{"@type":"type.googleapis.com/google.cloud.functions.v2.OperationMetadata","createTime":"2025-03-21T14:43:56.017852015Z","target":"projects/fooddeliveryapp-47907/locations/us-central1/functions/testCors","verb":"create","cancelRequested":false,"apiVersion":"v2","requestResource":{"@type":"type.googleapis.com/google.cloud.functions.v2.Function","name":"projects/fooddeliveryapp-47907/locations/us-central1/functions/testCors","buildConfig":{"runtime":"nodejs18","entryPoint":"testCors","source":{"storageSource":{"bucket":"gcf-v2-sources-362935719807-us-central1","object":"testCors/function-source.zip","generation":"1742568235739053"}},"environmentVariables":{"GOOGLE_NODE_RUN_SCRIPTS":""},"serviceAccount":"projects/fooddeliveryapp-47907/serviceAccounts/362935719807-compute@developer.gserviceaccount.com","automaticUpdatePolicy":{}},"serviceConfig":{"service":"projects/fooddeliveryapp-47907/locations/us-central1/services/testcors","timeoutSeconds":60,"environmentVariables":{"FIREBASE_CONFIG":"{\"projectId\":\"fooddeliveryapp-47907\",\"storageBucket\":\"fooddeliveryapp-47907.firebasestorage.app\"}","GCLOUD_PROJECT":"fooddeliveryapp-47907","EVENTARC_CLOUD_EVENT_SOURCE":"projects/fooddeliveryapp-47907/locations/us-central1/services/testCors","FUNCTION_TARGET":"testCors","LOG_EXECUTION_ID":"true"},"ingressSettings":"ALLOW_ALL","serviceAccountEmail":"362935719807-compute@developer.gserviceaccount.com","availableMemory":"256Mi","maxInstanceRequestConcurrency":80,"availableCpu":"1"},"labels":{"deployment-tool":"cli-firebase","firebase-functions-hash":"cd9a236b6f43da74e13f84dfa21cad8d3e444829"},"environment":"GEN_2"},"stages":[{"name":"BUILD","message":"Build in progress","state":"IN_PROGRESS","resource":"projects/362935719807/locations/us-central1/builds/e14729d0-e06d-4f01-ba84-71910b3a043d","resourceUri":"https://console.cloud.google.com/cloud-build/builds;region=us-central1/e14729d0-e06d-4f01-ba84-71910b3a043d?project=362935719807"},{"name":"SERVICE","state":"NOT_STARTED"}],"operationType":"CREATE_FUNCTION","buildName":"projects/362935719807/locations/us-central1/builds/e14729d0-e06d-4f01-ba84-71910b3a043d"},"done":false}
[debug] [2025-03-21T14:44:27.760Z] [create-default-us-central1-testCors] Retrying task index 0
[debug] [2025-03-21T14:44:27.760Z] Checked if tokens are valid: true, expires at: 1742571438606
[debug] [2025-03-21T14:44:27.761Z] Checked if tokens are valid: true, expires at: 1742571438606
[debug] [2025-03-21T14:44:27.761Z] >>> [apiv2][query] GET https://cloudfunctions.googleapis.com/v2/projects/fooddeliveryapp-47907/locations/us-central1/operations/operation-1742568235059-630db48a5c9ca-5b8407b1-e99c46f7 [none]
[debug] [2025-03-21T14:44:28.893Z] <<< [apiv2][status] GET https://cloudfunctions.googleapis.com/v2/projects/fooddeliveryapp-47907/locations/us-central1/operations/operation-1742568235059-630db48a5c9ca-5b8407b1-e99c46f7 200
[debug] [2025-03-21T14:44:28.893Z] <<< [apiv2][body] GET https://cloudfunctions.googleapis.com/v2/projects/fooddeliveryapp-47907/locations/us-central1/operations/operation-1742568235059-630db48a5c9ca-5b8407b1-e99c46f7 {"name":"projects/fooddeliveryapp-47907/locations/us-central1/operations/operation-1742568235059-630db48a5c9ca-5b8407b1-e99c46f7","metadata":{"@type":"type.googleapis.com/google.cloud.functions.v2.OperationMetadata","createTime":"2025-03-21T14:43:56.017852015Z","target":"projects/fooddeliveryapp-47907/locations/us-central1/functions/testCors","verb":"create","cancelRequested":false,"apiVersion":"v2","requestResource":{"@type":"type.googleapis.com/google.cloud.functions.v2.Function","name":"projects/fooddeliveryapp-47907/locations/us-central1/functions/testCors","buildConfig":{"runtime":"nodejs18","entryPoint":"testCors","source":{"storageSource":{"bucket":"gcf-v2-sources-362935719807-us-central1","object":"testCors/function-source.zip","generation":"1742568235739053"}},"environmentVariables":{"GOOGLE_NODE_RUN_SCRIPTS":""},"serviceAccount":"projects/fooddeliveryapp-47907/serviceAccounts/362935719807-compute@developer.gserviceaccount.com","automaticUpdatePolicy":{}},"serviceConfig":{"service":"projects/fooddeliveryapp-47907/locations/us-central1/services/testcors","timeoutSeconds":60,"environmentVariables":{"FIREBASE_CONFIG":"{\"projectId\":\"fooddeliveryapp-47907\",\"storageBucket\":\"fooddeliveryapp-47907.firebasestorage.app\"}","GCLOUD_PROJECT":"fooddeliveryapp-47907","EVENTARC_CLOUD_EVENT_SOURCE":"projects/fooddeliveryapp-47907/locations/us-central1/services/testCors","FUNCTION_TARGET":"testCors","LOG_EXECUTION_ID":"true"},"ingressSettings":"ALLOW_ALL","serviceAccountEmail":"362935719807-compute@developer.gserviceaccount.com","availableMemory":"256Mi","maxInstanceRequestConcurrency":80,"availableCpu":"1"},"labels":{"deployment-tool":"cli-firebase","firebase-functions-hash":"cd9a236b6f43da74e13f84dfa21cad8d3e444829"},"environment":"GEN_2"},"stages":[{"name":"BUILD","message":"Build in progress","state":"IN_PROGRESS","resource":"projects/362935719807/locations/us-central1/builds/e14729d0-e06d-4f01-ba84-71910b3a043d","resourceUri":"https://console.cloud.google.com/cloud-build/builds;region=us-central1/e14729d0-e06d-4f01-ba84-71910b3a043d?project=362935719807"},{"name":"SERVICE","state":"NOT_STARTED"}],"operationType":"CREATE_FUNCTION","buildName":"projects/362935719807/locations/us-central1/builds/e14729d0-e06d-4f01-ba84-71910b3a043d"},"done":false}
[debug] [2025-03-21T14:44:38.896Z] [create-default-us-central1-testCors] Retrying task index 0
[debug] [2025-03-21T14:44:38.896Z] Checked if tokens are valid: true, expires at: 1742571438606
[debug] [2025-03-21T14:44:38.896Z] Checked if tokens are valid: true, expires at: 1742571438606
[debug] [2025-03-21T14:44:38.896Z] >>> [apiv2][query] GET https://cloudfunctions.googleapis.com/v2/projects/fooddeliveryapp-47907/locations/us-central1/operations/operation-1742568235059-630db48a5c9ca-5b8407b1-e99c46f7 [none]
[debug] [2025-03-21T14:44:39.995Z] <<< [apiv2][status] GET https://cloudfunctions.googleapis.com/v2/projects/fooddeliveryapp-47907/locations/us-central1/operations/operation-1742568235059-630db48a5c9ca-5b8407b1-e99c46f7 200
[debug] [2025-03-21T14:44:39.995Z] <<< [apiv2][body] GET https://cloudfunctions.googleapis.com/v2/projects/fooddeliveryapp-47907/locations/us-central1/operations/operation-1742568235059-630db48a5c9ca-5b8407b1-e99c46f7 {"name":"projects/fooddeliveryapp-47907/locations/us-central1/operations/operation-1742568235059-630db48a5c9ca-5b8407b1-e99c46f7","metadata":{"@type":"type.googleapis.com/google.cloud.functions.v2.OperationMetadata","createTime":"2025-03-21T14:43:56.017852015Z","target":"projects/fooddeliveryapp-47907/locations/us-central1/functions/testCors","verb":"create","cancelRequested":false,"apiVersion":"v2","requestResource":{"@type":"type.googleapis.com/google.cloud.functions.v2.Function","name":"projects/fooddeliveryapp-47907/locations/us-central1/functions/testCors","buildConfig":{"runtime":"nodejs18","entryPoint":"testCors","source":{"storageSource":{"bucket":"gcf-v2-sources-362935719807-us-central1","object":"testCors/function-source.zip","generation":"1742568235739053"}},"environmentVariables":{"GOOGLE_NODE_RUN_SCRIPTS":""},"serviceAccount":"projects/fooddeliveryapp-47907/serviceAccounts/362935719807-compute@developer.gserviceaccount.com","automaticUpdatePolicy":{}},"serviceConfig":{"service":"projects/fooddeliveryapp-47907/locations/us-central1/services/testcors","timeoutSeconds":60,"environmentVariables":{"FIREBASE_CONFIG":"{\"projectId\":\"fooddeliveryapp-47907\",\"storageBucket\":\"fooddeliveryapp-47907.firebasestorage.app\"}","GCLOUD_PROJECT":"fooddeliveryapp-47907","EVENTARC_CLOUD_EVENT_SOURCE":"projects/fooddeliveryapp-47907/locations/us-central1/services/testCors","FUNCTION_TARGET":"testCors","LOG_EXECUTION_ID":"true"},"ingressSettings":"ALLOW_ALL","serviceAccountEmail":"362935719807-compute@developer.gserviceaccount.com","availableMemory":"256Mi","maxInstanceRequestConcurrency":80,"availableCpu":"1"},"labels":{"deployment-tool":"cli-firebase","firebase-functions-hash":"cd9a236b6f43da74e13f84dfa21cad8d3e444829"},"environment":"GEN_2"},"stages":[{"name":"BUILD","message":"Build in progress","state":"IN_PROGRESS","resource":"projects/362935719807/locations/us-central1/builds/e14729d0-e06d-4f01-ba84-71910b3a043d","resourceUri":"https://console.cloud.google.com/cloud-build/builds;region=us-central1/e14729d0-e06d-4f01-ba84-71910b3a043d?project=362935719807"},{"name":"SERVICE","state":"NOT_STARTED"}],"operationType":"CREATE_FUNCTION","buildName":"projects/362935719807/locations/us-central1/builds/e14729d0-e06d-4f01-ba84-71910b3a043d"},"done":false}
[debug] [2025-03-21T14:44:50.009Z] [create-default-us-central1-testCors] Retrying task index 0
[debug] [2025-03-21T14:44:50.009Z] Checked if tokens are valid: true, expires at: 1742571438606
[debug] [2025-03-21T14:44:50.009Z] Checked if tokens are valid: true, expires at: 1742571438606
[debug] [2025-03-21T14:44:50.009Z] >>> [apiv2][query] GET https://cloudfunctions.googleapis.com/v2/projects/fooddeliveryapp-47907/locations/us-central1/operations/operation-1742568235059-630db48a5c9ca-5b8407b1-e99c46f7 [none]
[debug] [2025-03-21T14:44:51.139Z] <<< [apiv2][status] GET https://cloudfunctions.googleapis.com/v2/projects/fooddeliveryapp-47907/locations/us-central1/operations/operation-1742568235059-630db48a5c9ca-5b8407b1-e99c46f7 200
[debug] [2025-03-21T14:44:51.139Z] <<< [apiv2][body] GET https://cloudfunctions.googleapis.com/v2/projects/fooddeliveryapp-47907/locations/us-central1/operations/operation-1742568235059-630db48a5c9ca-5b8407b1-e99c46f7 {"name":"projects/fooddeliveryapp-47907/locations/us-central1/operations/operation-1742568235059-630db48a5c9ca-5b8407b1-e99c46f7","metadata":{"@type":"type.googleapis.com/google.cloud.functions.v2.OperationMetadata","createTime":"2025-03-21T14:43:56.017852015Z","target":"projects/fooddeliveryapp-47907/locations/us-central1/functions/testCors","verb":"create","cancelRequested":false,"apiVersion":"v2","requestResource":{"@type":"type.googleapis.com/google.cloud.functions.v2.Function","name":"projects/fooddeliveryapp-47907/locations/us-central1/functions/testCors","buildConfig":{"runtime":"nodejs18","entryPoint":"testCors","source":{"storageSource":{"bucket":"gcf-v2-sources-362935719807-us-central1","object":"testCors/function-source.zip","generation":"1742568235739053"}},"environmentVariables":{"GOOGLE_NODE_RUN_SCRIPTS":""},"serviceAccount":"projects/fooddeliveryapp-47907/serviceAccounts/362935719807-compute@developer.gserviceaccount.com","automaticUpdatePolicy":{}},"serviceConfig":{"service":"projects/fooddeliveryapp-47907/locations/us-central1/services/testcors","timeoutSeconds":60,"environmentVariables":{"FIREBASE_CONFIG":"{\"projectId\":\"fooddeliveryapp-47907\",\"storageBucket\":\"fooddeliveryapp-47907.firebasestorage.app\"}","GCLOUD_PROJECT":"fooddeliveryapp-47907","EVENTARC_CLOUD_EVENT_SOURCE":"projects/fooddeliveryapp-47907/locations/us-central1/services/testCors","FUNCTION_TARGET":"testCors","LOG_EXECUTION_ID":"true"},"ingressSettings":"ALLOW_ALL","serviceAccountEmail":"362935719807-compute@developer.gserviceaccount.com","availableMemory":"256Mi","maxInstanceRequestConcurrency":80,"availableCpu":"1"},"labels":{"deployment-tool":"cli-firebase","firebase-functions-hash":"cd9a236b6f43da74e13f84dfa21cad8d3e444829"},"environment":"GEN_2"},"stages":[{"name":"BUILD","message":"Build finished","state":"COMPLETE","resource":"projects/362935719807/locations/us-central1/builds/e14729d0-e06d-4f01-ba84-71910b3a043d","resourceUri":"https://console.cloud.google.com/cloud-build/builds;region=us-central1/e14729d0-e06d-4f01-ba84-71910b3a043d?project=362935719807"},{"name":"SERVICE","state":"NOT_STARTED"}],"sourceToken":"Cldwcm9qZWN0cy8zNjI5MzU3MTk4MDcvbG9jYXRpb25zL3VzLWNlbnRyYWwxL2J1aWxkcy9lMTQ3MjlkMC1lMDZkLTRmMDEtYmE4NC03MTkxMGIzYTA0M2QSeHVzLWNlbnRyYWwxLWRvY2tlci5wa2cuZGV2L2Zvb2RkZWxpdmVyeWFwcC00NzkwNy9nY2YtYXJ0aWZhY3RzL2Zvb2RkZWxpdmVyeWFwcC0tNDc5MDdfX3VzLS1jZW50cmFsMV9fdGVzdF9jb3JzOnZlcnNpb25fMRj/rp6FyAoiR3Byb2plY3RzL2Zvb2RkZWxpdmVyeWFwcC00NzkwNy9sb2NhdGlvbnMvdXMtY2VudHJhbDEvZnVuY3Rpb25zL3Rlc3RDb3JzKgsI4/b1vgYQuLbMfDIIbm9kZWpzMTg6dgojZ2NyLmlvL2dhZS1ydW50aW1lcy9ub2RlanMxODpzdGFibGUST3VzLWNlbnRyYWwxLWRvY2tlci5wa2cuZGV2L3NlcnZlcmxlc3MtcnVudGltZXMvZ29vZ2xlLTIyLWZ1bGwvcnVudGltZXMvbm9kZWpzMThAAQ==","operationType":"CREATE_FUNCTION","buildName":"projects/362935719807/locations/us-central1/builds/e14729d0-e06d-4f01-ba84-71910b3a043d"},"done":false}
[debug] [2025-03-21T14:44:51.139Z] Got source token Cldwcm9qZWN0cy8zNjI5MzU3MTk4MDcvbG9jYXRpb25zL3VzLWNlbnRyYWwxL2J1aWxkcy9lMTQ3MjlkMC1lMDZkLTRmMDEtYmE4NC03MTkxMGIzYTA0M2QSeHVzLWNlbnRyYWwxLWRvY2tlci5wa2cuZGV2L2Zvb2RkZWxpdmVyeWFwcC00NzkwNy9nY2YtYXJ0aWZhY3RzL2Zvb2RkZWxpdmVyeWFwcC0tNDc5MDdfX3VzLS1jZW50cmFsMV9fdGVzdF9jb3JzOnZlcnNpb25fMRj/rp6FyAoiR3Byb2plY3RzL2Zvb2RkZWxpdmVyeWFwcC00NzkwNy9sb2NhdGlvbnMvdXMtY2VudHJhbDEvZnVuY3Rpb25zL3Rlc3RDb3JzKgsI4/b1vgYQuLbMfDIIbm9kZWpzMTg6dgojZ2NyLmlvL2dhZS1ydW50aW1lcy9ub2RlanMxODpzdGFibGUST3VzLWNlbnRyYWwxLWRvY2tlci5wa2cuZGV2L3NlcnZlcmxlc3MtcnVudGltZXMvZ29vZ2xlLTIyLWZ1bGwvcnVudGltZXMvbm9kZWpzMThAAQ== for region us-central1
[debug] [2025-03-21T14:45:01.151Z] [create-default-us-central1-testCors] Retrying task index 0
[debug] [2025-03-21T14:45:01.151Z] Checked if tokens are valid: true, expires at: 1742571438606
[debug] [2025-03-21T14:45:01.151Z] Checked if tokens are valid: true, expires at: 1742571438606
[debug] [2025-03-21T14:45:01.152Z] >>> [apiv2][query] GET https://cloudfunctions.googleapis.com/v2/projects/fooddeliveryapp-47907/locations/us-central1/operations/operation-1742568235059-630db48a5c9ca-5b8407b1-e99c46f7 [none]
[debug] [2025-03-21T14:45:02.304Z] <<< [apiv2][status] GET https://cloudfunctions.googleapis.com/v2/projects/fooddeliveryapp-47907/locations/us-central1/operations/operation-1742568235059-630db48a5c9ca-5b8407b1-e99c46f7 200
[debug] [2025-03-21T14:45:02.304Z] <<< [apiv2][body] GET https://cloudfunctions.googleapis.com/v2/projects/fooddeliveryapp-47907/locations/us-central1/operations/operation-1742568235059-630db48a5c9ca-5b8407b1-e99c46f7 {"name":"projects/fooddeliveryapp-47907/locations/us-central1/operations/operation-1742568235059-630db48a5c9ca-5b8407b1-e99c46f7","metadata":{"@type":"type.googleapis.com/google.cloud.functions.v2.OperationMetadata","createTime":"2025-03-21T14:43:56.017852015Z","target":"projects/fooddeliveryapp-47907/locations/us-central1/functions/testCors","verb":"create","cancelRequested":false,"apiVersion":"v2","requestResource":{"@type":"type.googleapis.com/google.cloud.functions.v2.Function","name":"projects/fooddeliveryapp-47907/locations/us-central1/functions/testCors","buildConfig":{"runtime":"nodejs18","entryPoint":"testCors","source":{"storageSource":{"bucket":"gcf-v2-sources-362935719807-us-central1","object":"testCors/function-source.zip","generation":"1742568235739053"}},"environmentVariables":{"GOOGLE_NODE_RUN_SCRIPTS":""},"serviceAccount":"projects/fooddeliveryapp-47907/serviceAccounts/362935719807-compute@developer.gserviceaccount.com","automaticUpdatePolicy":{}},"serviceConfig":{"service":"projects/fooddeliveryapp-47907/locations/us-central1/services/testcors","timeoutSeconds":60,"environmentVariables":{"FIREBASE_CONFIG":"{\"projectId\":\"fooddeliveryapp-47907\",\"storageBucket\":\"fooddeliveryapp-47907.firebasestorage.app\"}","GCLOUD_PROJECT":"fooddeliveryapp-47907","EVENTARC_CLOUD_EVENT_SOURCE":"projects/fooddeliveryapp-47907/locations/us-central1/services/testCors","FUNCTION_TARGET":"testCors","LOG_EXECUTION_ID":"true"},"ingressSettings":"ALLOW_ALL","serviceAccountEmail":"362935719807-compute@developer.gserviceaccount.com","availableMemory":"256Mi","maxInstanceRequestConcurrency":80,"availableCpu":"1"},"labels":{"deployment-tool":"cli-firebase","firebase-functions-hash":"cd9a236b6f43da74e13f84dfa21cad8d3e444829"},"environment":"GEN_2"},"stages":[{"name":"BUILD","message":"Build finished","state":"COMPLETE","resource":"projects/362935719807/locations/us-central1/builds/e14729d0-e06d-4f01-ba84-71910b3a043d","resourceUri":"https://console.cloud.google.com/cloud-build/builds;region=us-central1/e14729d0-e06d-4f01-ba84-71910b3a043d?project=362935719807"},{"name":"SERVICE","message":"Creating Cloud Run service","state":"IN_PROGRESS","resource":"projects/fooddeliveryapp-47907/locations/us-central1/services/testcors","resourceUri":"https://console.cloud.google.com/run/detail/us-central1/testcors?project=fooddeliveryapp-47907"}],"sourceToken":"Cldwcm9qZWN0cy8zNjI5MzU3MTk4MDcvbG9jYXRpb25zL3VzLWNlbnRyYWwxL2J1aWxkcy9lMTQ3MjlkMC1lMDZkLTRmMDEtYmE4NC03MTkxMGIzYTA0M2QSeHVzLWNlbnRyYWwxLWRvY2tlci5wa2cuZGV2L2Zvb2RkZWxpdmVyeWFwcC00NzkwNy9nY2YtYXJ0aWZhY3RzL2Zvb2RkZWxpdmVyeWFwcC0tNDc5MDdfX3VzLS1jZW50cmFsMV9fdGVzdF9jb3JzOnZlcnNpb25fMRj/rp6FyAoiR3Byb2plY3RzL2Zvb2RkZWxpdmVyeWFwcC00NzkwNy9sb2NhdGlvbnMvdXMtY2VudHJhbDEvZnVuY3Rpb25zL3Rlc3RDb3JzKgsI4/b1vgYQuLbMfDIIbm9kZWpzMTg6dgojZ2NyLmlvL2dhZS1ydW50aW1lcy9ub2RlanMxODpzdGFibGUST3VzLWNlbnRyYWwxLWRvY2tlci5wa2cuZGV2L3NlcnZlcmxlc3MtcnVudGltZXMvZ29vZ2xlLTIyLWZ1bGwvcnVudGltZXMvbm9kZWpzMThAAQ==","operationType":"CREATE_FUNCTION","buildName":"projects/362935719807/locations/us-central1/builds/e14729d0-e06d-4f01-ba84-71910b3a043d"},"done":false}
[debug] [2025-03-21T14:45:02.304Z] Got source token Cldwcm9qZWN0cy8zNjI5MzU3MTk4MDcvbG9jYXRpb25zL3VzLWNlbnRyYWwxL2J1aWxkcy9lMTQ3MjlkMC1lMDZkLTRmMDEtYmE4NC03MTkxMGIzYTA0M2QSeHVzLWNlbnRyYWwxLWRvY2tlci5wa2cuZGV2L2Zvb2RkZWxpdmVyeWFwcC00NzkwNy9nY2YtYXJ0aWZhY3RzL2Zvb2RkZWxpdmVyeWFwcC0tNDc5MDdfX3VzLS1jZW50cmFsMV9fdGVzdF9jb3JzOnZlcnNpb25fMRj/rp6FyAoiR3Byb2plY3RzL2Zvb2RkZWxpdmVyeWFwcC00NzkwNy9sb2NhdGlvbnMvdXMtY2VudHJhbDEvZnVuY3Rpb25zL3Rlc3RDb3JzKgsI4/b1vgYQuLbMfDIIbm9kZWpzMTg6dgojZ2NyLmlvL2dhZS1ydW50aW1lcy9ub2RlanMxODpzdGFibGUST3VzLWNlbnRyYWwxLWRvY2tlci5wa2cuZGV2L3NlcnZlcmxlc3MtcnVudGltZXMvZ29vZ2xlLTIyLWZ1bGwvcnVudGltZXMvbm9kZWpzMThAAQ== for region us-central1
